D:\SBIR\SBIR_UPSTREAMTRACE\SBIR_UPSTREAMTRACE\DEBUG\VC100.PDB
D:\SBIR\SBIR_UPSTREAMTRACE\SBIR_UPSTREAMTRACE\DEBUG\MAIN.OBJ
D:\SBIR\SBIR_UPSTREAMTRACE\DEBUG\SBIR_UPSTREAMTRACE.ILK
D:\SBIR\SBIR_UPSTREAMTRACE\DEBUG\SBIR_UPSTREAMTRACE.EXE
D:\SBIR\SBIR_UPSTREAMTRACE\SBIR_UPSTREAMTRACE\DEBUG\SBIR_UPSTREAMTRACE.EXE.INTERMEDIATE.MANIFEST
D:\SBIR\SBIR_UPSTREAMTRACE\DEBUG\SBIR_UPSTREAMTRACE.PDB
D:\SBIR\SBIR_UpstreamTrace\SBIR_UpstreamTrace\Debug\main.obj
D:\SBIR\SBIR_UpstreamTrace\SBIR_UpstreamTrace\Debug\cl.command.1.tlog
D:\SBIR\SBIR_UpstreamTrace\SBIR_UpstreamTrace\Debug\CL.read.1.tlog
D:\SBIR\SBIR_UpstreamTrace\SBIR_UpstreamTrace\Debug\CL.write.1.tlog
D:\SBIR\SBIR_UpstreamTrace\SBIR_UpstreamTrace\Debug\link.command.1.tlog
D:\SBIR\SBIR_UpstreamTrace\SBIR_UpstreamTrace\Debug\link.read.1.tlog
D:\SBIR\SBIR_UpstreamTrace\SBIR_UpstreamTrace\Debug\link.write.1.tlog
D:\SBIR\SBIR_UpstreamTrace\SBIR_UpstreamTrace\Debug\mt.command.1.tlog
D:\SBIR\SBIR_UpstreamTrace\SBIR_UpstreamTrace\Debug\mt.read.1.tlog
D:\SBIR\SBIR_UpstreamTrace\SBIR_UpstreamTrace\Debug\mt.write.1.tlog
D:\SBIR\SBIR_UpstreamTrace\SBIR_UpstreamTrace\Debug\SBIR_UpstreamTrace.exe.intermediate.manifest
D:\SBIR\SBIR_UpstreamTrace\SBIR_UpstreamTrace\Debug\vc100.idb
D:\SBIR\SBIR_UpstreamTrace\SBIR_UpstreamTrace\Debug\vc100.pdb
D:\SBIR\SBIR_UpstreamTrace\Debug\SBIR_UpstreamTrace.pdb
D:\SBIR\SBIR_UpstreamTrace\Debug\SBIR_UpstreamTrace.exe
D:\SBIR\SBIR_UpstreamTrace\Debug\SBIR_UpstreamTrace.ilk
